0 info it worked if it ends with ok
1 verbose cli [ '/usr/bin/node', '/usr/bin/npm', 'run', 'lite' ]
2 info using npm@3.7.5
3 info using node@v5.7.0
4 verbose run-script [ 'prelite', 'lite', 'postlite' ]
5 info lifecycle cloudvision-ui@1.0.0~prelite: cloudvision-ui@1.0.0
6 silly lifecycle cloudvision-ui@1.0.0~prelite: no script for prelite, continuing
7 info lifecycle cloudvision-ui@1.0.0~lite: cloudvision-ui@1.0.0
8 verbose lifecycle cloudvision-ui@1.0.0~lite: unsafe-perm in lifecycle true
9 verbose lifecycle cloudvision-ui@1.0.0~lite: PATH: /usr/lib/node_modules/npm/bin/node-gyp-bin:/home/samos/workspace/spark-computer-vision/ui/node_modules/.bin:/usr/bin:/usr/lib/node_modules/npm/bin/node-gyp-bin:/home/samos/workspace/spark-computer-vision/ui/node_modules/.bin:/usr/bin:/usr/local/bin:/usr/bin:/bin:/usr/local/sbin:/usr/sbin:/sbin:/opt/android-sdk/platform-tools:/opt/android-sdk/tools:/opt/java/bin:/opt/java/db/bin:/opt/java/jre/bin:/usr/bin/vendor_perl:/usr/bin/core_perl
10 verbose lifecycle cloudvision-ui@1.0.0~lite: CWD: /home/samos/workspace/spark-computer-vision/ui
11 silly lifecycle cloudvision-ui@1.0.0~lite: Args: [ '-c', 'lite-server' ]
12 silly lifecycle cloudvision-ui@1.0.0~lite: Returned: code: 1  signal: null
13 info lifecycle cloudvision-ui@1.0.0~lite: Failed to exec lite script
14 verbose stack Error: cloudvision-ui@1.0.0 lite: `lite-server`
14 verbose stack Exit status 1
14 verbose stack     at EventEmitter.<anonymous> (/usr/lib/node_modules/npm/lib/utils/lifecycle.js:239:16)
14 verbose stack     at emitTwo (events.js:100:13)
14 verbose stack     at EventEmitter.emit (events.js:185:7)
14 verbose stack     at ChildProcess.<anonymous> (/usr/lib/node_modules/npm/lib/utils/spawn.js:24:14)
14 verbose stack     at emitTwo (events.js:100:13)
14 verbose stack     at ChildProcess.emit (events.js:185:7)
14 verbose stack     at maybeClose (internal/child_process.js:827:16)
14 verbose stack     at Process.ChildProcess._handle.onexit (internal/child_process.js:211:5)
15 verbose pkgid cloudvision-ui@1.0.0
16 verbose cwd /home/samos/workspace/spark-computer-vision/ui
17 error Linux 4.4.1-2-ARCH
18 error argv "/usr/bin/node" "/usr/bin/npm" "run" "lite"
19 error node v5.7.0
20 error npm  v3.7.5
21 error code ELIFECYCLE
22 error cloudvision-ui@1.0.0 lite: `lite-server`
22 error Exit status 1
23 error Failed at the cloudvision-ui@1.0.0 lite script 'lite-server'.
23 error Make sure you have the latest version of node.js and npm installed.
23 error If you do, this is most likely a problem with the cloudvision-ui package,
23 error not with npm itself.
23 error Tell the author that this fails on your system:
23 error     lite-server
23 error You can get information on how to open an issue for this project with:
23 error     npm bugs cloudvision-ui
23 error Or if that isn't available, you can get their info via:
23 error     npm owner ls cloudvision-ui
23 error There is likely additional logging output above.
24 verbose exit [ 1, true ]
